libtool: compile:  gcc -I. -I/root/utils/ext -DPHP_ATOM_INC -I/root/utils/ext/include -I/root/utils/ext/main -I/root/utils/ext -I/usr/include/php/20151012 -I/usr/include/php/20151012/main -I/usr/include/php/20151012/TSRM -I/usr/include/php/20151012/Zend -I/usr/include/php/20151012/ext -I/usr/include/php/20151012/ext/date/lib -DHAVE_CONFIG_H -O2 -fvisibility=hidden -Wparentheses -flto -DZEPHIR_RELEASE=1 -c /root/utils/ext/utils.c  -fPIC -DPIC -o .libs/utils.o
libtool: compile:  gcc -I. -I/root/utils/ext -DPHP_ATOM_INC -I/root/utils/ext/include -I/root/utils/ext/main -I/root/utils/ext -I/usr/include/php/20151012 -I/usr/include/php/20151012/main -I/usr/include/php/20151012/TSRM -I/usr/include/php/20151012/Zend -I/usr/include/php/20151012/ext -I/usr/include/php/20151012/ext/date/lib -DHAVE_CONFIG_H -O2 -fvisibility=hidden -Wparentheses -flto -DZEPHIR_RELEASE=1 -c /root/utils/ext/kernel/main.c  -fPIC -DPIC -o kernel/.libs/main.o
libtool: compile:  gcc -I. -I/root/utils/ext -DPHP_ATOM_INC -I/root/utils/ext/include -I/root/utils/ext/main -I/root/utils/ext -I/usr/include/php/20151012 -I/usr/include/php/20151012/main -I/usr/include/php/20151012/TSRM -I/usr/include/php/20151012/Zend -I/usr/include/php/20151012/ext -I/usr/include/php/20151012/ext/date/lib -DHAVE_CONFIG_H -O2 -fvisibility=hidden -Wparentheses -flto -DZEPHIR_RELEASE=1 -c /root/utils/ext/kernel/memory.c  -fPIC -DPIC -o kernel/.libs/memory.o
libtool: compile:  gcc -I. -I/root/utils/ext -DPHP_ATOM_INC -I/root/utils/ext/include -I/root/utils/ext/main -I/root/utils/ext -I/usr/include/php/20151012 -I/usr/include/php/20151012/main -I/usr/include/php/20151012/TSRM -I/usr/include/php/20151012/Zend -I/usr/include/php/20151012/ext -I/usr/include/php/20151012/ext/date/lib -DHAVE_CONFIG_H -O2 -fvisibility=hidden -Wparentheses -flto -DZEPHIR_RELEASE=1 -c /root/utils/ext/kernel/exception.c  -fPIC -DPIC -o kernel/.libs/exception.o
libtool: compile:  gcc -I. -I/root/utils/ext -DPHP_ATOM_INC -I/root/utils/ext/include -I/root/utils/ext/main -I/root/utils/ext -I/usr/include/php/20151012 -I/usr/include/php/20151012/main -I/usr/include/php/20151012/TSRM -I/usr/include/php/20151012/Zend -I/usr/include/php/20151012/ext -I/usr/include/php/20151012/ext/date/lib -DHAVE_CONFIG_H -O2 -fvisibility=hidden -Wparentheses -flto -DZEPHIR_RELEASE=1 -c /root/utils/ext/kernel/hash.c  -fPIC -DPIC -o kernel/.libs/hash.o
libtool: compile:  gcc -I. -I/root/utils/ext -DPHP_ATOM_INC -I/root/utils/ext/include -I/root/utils/ext/main -I/root/utils/ext -I/usr/include/php/20151012 -I/usr/include/php/20151012/main -I/usr/include/php/20151012/TSRM -I/usr/include/php/20151012/Zend -I/usr/include/php/20151012/ext -I/usr/include/php/20151012/ext/date/lib -DHAVE_CONFIG_H -O2 -fvisibility=hidden -Wparentheses -flto -DZEPHIR_RELEASE=1 -c /root/utils/ext/kernel/debug.c  -fPIC -DPIC -o kernel/.libs/debug.o
libtool: compile:  gcc -I. -I/root/utils/ext -DPHP_ATOM_INC -I/root/utils/ext/include -I/root/utils/ext/main -I/root/utils/ext -I/usr/include/php/20151012 -I/usr/include/php/20151012/main -I/usr/include/php/20151012/TSRM -I/usr/include/php/20151012/Zend -I/usr/include/php/20151012/ext -I/usr/include/php/20151012/ext/date/lib -DHAVE_CONFIG_H -O2 -fvisibility=hidden -Wparentheses -flto -DZEPHIR_RELEASE=1 -c /root/utils/ext/kernel/backtrace.c  -fPIC -DPIC -o kernel/.libs/backtrace.o
libtool: compile:  gcc -I. -I/root/utils/ext -DPHP_ATOM_INC -I/root/utils/ext/include -I/root/utils/ext/main -I/root/utils/ext -I/usr/include/php/20151012 -I/usr/include/php/20151012/main -I/usr/include/php/20151012/TSRM -I/usr/include/php/20151012/Zend -I/usr/include/php/20151012/ext -I/usr/include/php/20151012/ext/date/lib -DHAVE_CONFIG_H -O2 -fvisibility=hidden -Wparentheses -flto -DZEPHIR_RELEASE=1 -c /root/utils/ext/kernel/object.c  -fPIC -DPIC -o kernel/.libs/object.o
libtool: compile:  gcc -I. -I/root/utils/ext -DPHP_ATOM_INC -I/root/utils/ext/include -I/root/utils/ext/main -I/root/utils/ext -I/usr/include/php/20151012 -I/usr/include/php/20151012/main -I/usr/include/php/20151012/TSRM -I/usr/include/php/20151012/Zend -I/usr/include/php/20151012/ext -I/usr/include/php/20151012/ext/date/lib -DHAVE_CONFIG_H -O2 -fvisibility=hidden -Wparentheses -flto -DZEPHIR_RELEASE=1 -c /root/utils/ext/kernel/array.c  -fPIC -DPIC -o kernel/.libs/array.o
libtool: compile:  gcc -I. -I/root/utils/ext -DPHP_ATOM_INC -I/root/utils/ext/include -I/root/utils/ext/main -I/root/utils/ext -I/usr/include/php/20151012 -I/usr/include/php/20151012/main -I/usr/include/php/20151012/TSRM -I/usr/include/php/20151012/Zend -I/usr/include/php/20151012/ext -I/usr/include/php/20151012/ext/date/lib -DHAVE_CONFIG_H -O2 -fvisibility=hidden -Wparentheses -flto -DZEPHIR_RELEASE=1 -c /root/utils/ext/kernel/extended/array.c  -fPIC -DPIC -o kernel/extended/.libs/array.o
libtool: compile:  gcc -I. -I/root/utils/ext -DPHP_ATOM_INC -I/root/utils/ext/include -I/root/utils/ext/main -I/root/utils/ext -I/usr/include/php/20151012 -I/usr/include/php/20151012/main -I/usr/include/php/20151012/TSRM -I/usr/include/php/20151012/Zend -I/usr/include/php/20151012/ext -I/usr/include/php/20151012/ext/date/lib -DHAVE_CONFIG_H -O2 -fvisibility=hidden -Wparentheses -flto -DZEPHIR_RELEASE=1 -c /root/utils/ext/kernel/string.c  -fPIC -DPIC -o kernel/.libs/string.o
libtool: compile:  gcc -I. -I/root/utils/ext -DPHP_ATOM_INC -I/root/utils/ext/include -I/root/utils/ext/main -I/root/utils/ext -I/usr/include/php/20151012 -I/usr/include/php/20151012/main -I/usr/include/php/20151012/TSRM -I/usr/include/php/20151012/Zend -I/usr/include/php/20151012/ext -I/usr/include/php/20151012/ext/date/lib -DHAVE_CONFIG_H -O2 -fvisibility=hidden -Wparentheses -flto -DZEPHIR_RELEASE=1 -c /root/utils/ext/kernel/fcall.c  -fPIC -DPIC -o kernel/.libs/fcall.o
libtool: compile:  gcc -I. -I/root/utils/ext -DPHP_ATOM_INC -I/root/utils/ext/include -I/root/utils/ext/main -I/root/utils/ext -I/usr/include/php/20151012 -I/usr/include/php/20151012/main -I/usr/include/php/20151012/TSRM -I/usr/include/php/20151012/Zend -I/usr/include/php/20151012/ext -I/usr/include/php/20151012/ext/date/lib -DHAVE_CONFIG_H -O2 -fvisibility=hidden -Wparentheses -flto -DZEPHIR_RELEASE=1 -c /root/utils/ext/kernel/extended/fcall.c  -fPIC -DPIC -o kernel/extended/.libs/fcall.o
libtool: compile:  gcc -I. -I/root/utils/ext -DPHP_ATOM_INC -I/root/utils/ext/include -I/root/utils/ext/main -I/root/utils/ext -I/usr/include/php/20151012 -I/usr/include/php/20151012/main -I/usr/include/php/20151012/TSRM -I/usr/include/php/20151012/Zend -I/usr/include/php/20151012/ext -I/usr/include/php/20151012/ext/date/lib -DHAVE_CONFIG_H -O2 -fvisibility=hidden -Wparentheses -flto -DZEPHIR_RELEASE=1 -c /root/utils/ext/kernel/require.c  -fPIC -DPIC -o kernel/.libs/require.o
libtool: compile:  gcc -I. -I/root/utils/ext -DPHP_ATOM_INC -I/root/utils/ext/include -I/root/utils/ext/main -I/root/utils/ext -I/usr/include/php/20151012 -I/usr/include/php/20151012/main -I/usr/include/php/20151012/TSRM -I/usr/include/php/20151012/Zend -I/usr/include/php/20151012/ext -I/usr/include/php/20151012/ext/date/lib -DHAVE_CONFIG_H -O2 -fvisibility=hidden -Wparentheses -flto -DZEPHIR_RELEASE=1 -c /root/utils/ext/kernel/file.c  -fPIC -DPIC -o kernel/.libs/file.o
libtool: compile:  gcc -I. -I/root/utils/ext -DPHP_ATOM_INC -I/root/utils/ext/include -I/root/utils/ext/main -I/root/utils/ext -I/usr/include/php/20151012 -I/usr/include/php/20151012/main -I/usr/include/php/20151012/TSRM -I/usr/include/php/20151012/Zend -I/usr/include/php/20151012/ext -I/usr/include/php/20151012/ext/date/lib -DHAVE_CONFIG_H -O2 -fvisibility=hidden -Wparentheses -flto -DZEPHIR_RELEASE=1 -c /root/utils/ext/kernel/operators.c  -fPIC -DPIC -o kernel/.libs/operators.o
libtool: compile:  gcc -I. -I/root/utils/ext -DPHP_ATOM_INC -I/root/utils/ext/include -I/root/utils/ext/main -I/root/utils/ext -I/usr/include/php/20151012 -I/usr/include/php/20151012/main -I/usr/include/php/20151012/TSRM -I/usr/include/php/20151012/Zend -I/usr/include/php/20151012/ext -I/usr/include/php/20151012/ext/date/lib -DHAVE_CONFIG_H -O2 -fvisibility=hidden -Wparentheses -flto -DZEPHIR_RELEASE=1 -c /root/utils/ext/kernel/math.c  -fPIC -DPIC -o kernel/.libs/math.o
libtool: compile:  gcc -I. -I/root/utils/ext -DPHP_ATOM_INC -I/root/utils/ext/include -I/root/utils/ext/main -I/root/utils/ext -I/usr/include/php/20151012 -I/usr/include/php/20151012/main -I/usr/include/php/20151012/TSRM -I/usr/include/php/20151012/Zend -I/usr/include/php/20151012/ext -I/usr/include/php/20151012/ext/date/lib -DHAVE_CONFIG_H -O2 -fvisibility=hidden -Wparentheses -flto -DZEPHIR_RELEASE=1 -c /root/utils/ext/kernel/concat.c  -fPIC -DPIC -o kernel/.libs/concat.o
libtool: compile:  gcc -I. -I/root/utils/ext -DPHP_ATOM_INC -I/root/utils/ext/include -I/root/utils/ext/main -I/root/utils/ext -I/usr/include/php/20151012 -I/usr/include/php/20151012/main -I/usr/include/php/20151012/TSRM -I/usr/include/php/20151012/Zend -I/usr/include/php/20151012/ext -I/usr/include/php/20151012/ext/date/lib -DHAVE_CONFIG_H -O2 -fvisibility=hidden -Wparentheses -flto -DZEPHIR_RELEASE=1 -c /root/utils/ext/kernel/variables.c  -fPIC -DPIC -o kernel/.libs/variables.o
libtool: compile:  gcc -I. -I/root/utils/ext -DPHP_ATOM_INC -I/root/utils/ext/include -I/root/utils/ext/main -I/root/utils/ext -I/usr/include/php/20151012 -I/usr/include/php/20151012/main -I/usr/include/php/20151012/TSRM -I/usr/include/php/20151012/Zend -I/usr/include/php/20151012/ext -I/usr/include/php/20151012/ext/date/lib -DHAVE_CONFIG_H -O2 -fvisibility=hidden -Wparentheses -flto -DZEPHIR_RELEASE=1 -c /root/utils/ext/kernel/filter.c  -fPIC -DPIC -o kernel/.libs/filter.o
libtool: compile:  gcc -I. -I/root/utils/ext -DPHP_ATOM_INC -I/root/utils/ext/include -I/root/utils/ext/main -I/root/utils/ext -I/usr/include/php/20151012 -I/usr/include/php/20151012/main -I/usr/include/php/20151012/TSRM -I/usr/include/php/20151012/Zend -I/usr/include/php/20151012/ext -I/usr/include/php/20151012/ext/date/lib -DHAVE_CONFIG_H -O2 -fvisibility=hidden -Wparentheses -flto -DZEPHIR_RELEASE=1 -c /root/utils/ext/kernel/iterator.c  -fPIC -DPIC -o kernel/.libs/iterator.o
libtool: compile:  gcc -I. -I/root/utils/ext -DPHP_ATOM_INC -I/root/utils/ext/include -I/root/utils/ext/main -I/root/utils/ext -I/usr/include/php/20151012 -I/usr/include/php/20151012/main -I/usr/include/php/20151012/TSRM -I/usr/include/php/20151012/Zend -I/usr/include/php/20151012/ext -I/usr/include/php/20151012/ext/date/lib -DHAVE_CONFIG_H -O2 -fvisibility=hidden -Wparentheses -flto -DZEPHIR_RELEASE=1 -c /root/utils/ext/kernel/time.c  -fPIC -DPIC -o kernel/.libs/time.o
libtool: compile:  gcc -I. -I/root/utils/ext -DPHP_ATOM_INC -I/root/utils/ext/include -I/root/utils/ext/main -I/root/utils/ext -I/usr/include/php/20151012 -I/usr/include/php/20151012/main -I/usr/include/php/20151012/TSRM -I/usr/include/php/20151012/Zend -I/usr/include/php/20151012/ext -I/usr/include/php/20151012/ext/date/lib -DHAVE_CONFIG_H -O2 -fvisibility=hidden -Wparentheses -flto -DZEPHIR_RELEASE=1 -c /root/utils/ext/kernel/exit.c  -fPIC -DPIC -o kernel/.libs/exit.o
libtool: compile:  gcc -I. -I/root/utils/ext -DPHP_ATOM_INC -I/root/utils/ext/include -I/root/utils/ext/main -I/root/utils/ext -I/usr/include/php/20151012 -I/usr/include/php/20151012/main -I/usr/include/php/20151012/TSRM -I/usr/include/php/20151012/Zend -I/usr/include/php/20151012/ext -I/usr/include/php/20151012/ext/date/lib -DHAVE_CONFIG_H -O2 -fvisibility=hidden -Wparentheses -flto -DZEPHIR_RELEASE=1 -c /root/utils/ext/utils/filter.zep.c  -fPIC -DPIC -o utils/.libs/filter.o
libtool: compile:  gcc -I. -I/root/utils/ext -DPHP_ATOM_INC -I/root/utils/ext/include -I/root/utils/ext/main -I/root/utils/ext -I/usr/include/php/20151012 -I/usr/include/php/20151012/main -I/usr/include/php/20151012/TSRM -I/usr/include/php/20151012/Zend -I/usr/include/php/20151012/ext -I/usr/include/php/20151012/ext/date/lib -DHAVE_CONFIG_H -O2 -fvisibility=hidden -Wparentheses -flto -DZEPHIR_RELEASE=1 -c /root/utils/ext/utils/greeting.zep.c  -fPIC -DPIC -o utils/.libs/greeting.o
libtool: compile:  gcc -I. -I/root/utils/ext -DPHP_ATOM_INC -I/root/utils/ext/include -I/root/utils/ext/main -I/root/utils/ext -I/usr/include/php/20151012 -I/usr/include/php/20151012/main -I/usr/include/php/20151012/TSRM -I/usr/include/php/20151012/Zend -I/usr/include/php/20151012/ext -I/usr/include/php/20151012/ext/date/lib -DHAVE_CONFIG_H -O2 -fvisibility=hidden -Wparentheses -flto -DZEPHIR_RELEASE=1 -c /root/utils/ext/utils/myclass.zep.c  -fPIC -DPIC -o utils/.libs/myclass.o
libtool: link: gcc -shared  -fPIC -DPIC  .libs/utils.o kernel/.libs/main.o kernel/.libs/memory.o kernel/.libs/exception.o kernel/.libs/hash.o kernel/.libs/debug.o kernel/.libs/backtrace.o kernel/.libs/object.o kernel/.libs/array.o kernel/extended/.libs/array.o kernel/.libs/string.o kernel/.libs/fcall.o kernel/extended/.libs/fcall.o kernel/.libs/require.o kernel/.libs/file.o kernel/.libs/operators.o kernel/.libs/math.o kernel/.libs/concat.o kernel/.libs/variables.o kernel/.libs/filter.o kernel/.libs/iterator.o kernel/.libs/time.o kernel/.libs/exit.o utils/.libs/filter.o utils/.libs/greeting.o utils/.libs/myclass.o    -O2 -flto   -Wl,-soname -Wl,utils.so -o .libs/utils.so
libtool: link: ( cd ".libs" && rm -f "utils.la" && ln -s "../utils.la" "utils.la" )
libtool: install: cp ./.libs/utils.so /root/utils/ext/modules/utils.so
libtool: install: cp ./.libs/utils.lai /root/utils/ext/modules/utils.la
libtool: finish: PATH="/usr/local/sbin:/usr/local/bin:/usr/sbin:/usr/bin:/sbin:/bin:/sbin" ldconfig -n /root/utils/ext/modules
----------------------------------------------------------------------
Libraries have been installed in:
   /root/utils/ext/modules

If you ever happen to want to link against installed libraries
in a given directory, LIBDIR, you must either use libtool, and
specify the full pathname of the library, or use the '-LLIBDIR'
flag during linking and do at least one of the following:
   - add LIBDIR to the 'LD_LIBRARY_PATH' environment variable
     during execution
   - add LIBDIR to the 'LD_RUN_PATH' environment variable
     during linking
   - use the '-Wl,-rpath -Wl,LIBDIR' linker flag
   - have your system administrator add LIBDIR to '/etc/ld.so.conf'

See any operating system documentation about shared libraries for
more information, such as the ld(1) and ld.so(8) manual pages.
----------------------------------------------------------------------

Build complete.
Don't forget to run 'make test'.

Installing shared extensions:     /usr/lib/php/20151012/
Installing header files:           /usr/include/php/20151012/
